<?xml version="1.0" encoding="UTF-8"?>
<!-- Generated by org.testng.reporters.JUnitReportReporter -->
<testsuite hostname="DESKTOP-1TP3G9S" failures="0" tests="1" name="com.tha.maven.MavenProject.LoginTest" time="0.016" errors="0" timestamp="2023-11-30T09:35:54 IST" skipped="0">
  <testcase classname="com.tha.maven.MavenProject.LoginTest" name="LoginTest" time="0.016"/>
  <system-out/>
</testsuite> <!-- com.tha.maven.MavenProject.LoginTest -->
